[2024-06-21 15:41:50Z INFO HostContext] No proxy settings were found based on environmental variables (http_proxy/https_proxy/HTTP_PROXY/HTTPS_PROXY)
[2024-06-21 15:41:50Z INFO HostContext] Well known directory 'Bin': '/mnt/c/Users/yanni/Dokumente/FH/4.Sem/SPW/ue3/spw4-ue3/exercise3-hoess345/actions-runner/bin'
[2024-06-21 15:41:50Z INFO HostContext] Well known directory 'Root': '/mnt/c/Users/yanni/Dokumente/FH/4.Sem/SPW/ue3/spw4-ue3/exercise3-hoess345/actions-runner'
[2024-06-21 15:41:50Z INFO HostContext] Well known config file 'Credentials': '/mnt/c/Users/yanni/Dokumente/FH/4.Sem/SPW/ue3/spw4-ue3/exercise3-hoess345/actions-runner/.credentials'
[2024-06-21 15:41:51Z INFO HostContext] Well known directory 'Bin': '/mnt/c/Users/yanni/Dokumente/FH/4.Sem/SPW/ue3/spw4-ue3/exercise3-hoess345/actions-runner/bin'
[2024-06-21 15:41:51Z INFO HostContext] Well known directory 'Root': '/mnt/c/Users/yanni/Dokumente/FH/4.Sem/SPW/ue3/spw4-ue3/exercise3-hoess345/actions-runner'
[2024-06-21 15:41:51Z INFO HostContext] Well known config file 'Runner': '/mnt/c/Users/yanni/Dokumente/FH/4.Sem/SPW/ue3/spw4-ue3/exercise3-hoess345/actions-runner/.runner'
[2024-06-21 15:41:51Z INFO Listener] Runner is built for Linux (X64) - linux-x64.
[2024-06-21 15:41:51Z INFO Listener] RuntimeInformation: Linux 5.15.153.1-microsoft-standard-WSL2 #1 SMP Fri Mar 29 23:14:13 UTC 2024.
[2024-06-21 15:41:51Z INFO Listener] Version: 2.317.0
[2024-06-21 15:41:51Z INFO Listener] Commit: 6dc005ee3690a0303e0d7269b6f60295d22dcfad
[2024-06-21 15:41:51Z INFO Listener] Culture: en-US
[2024-06-21 15:41:51Z INFO Listener] UI Culture: en-US
[2024-06-21 15:41:51Z INFO HostContext] Well known directory 'Bin': '/mnt/c/Users/yanni/Dokumente/FH/4.Sem/SPW/ue3/spw4-ue3/exercise3-hoess345/actions-runner/bin'
[2024-06-21 15:41:51Z INFO HostContext] Well known directory 'Root': '/mnt/c/Users/yanni/Dokumente/FH/4.Sem/SPW/ue3/spw4-ue3/exercise3-hoess345/actions-runner'
[2024-06-21 15:41:51Z INFO Listener] Validating directory permissions for: '/mnt/c/Users/yanni/Dokumente/FH/4.Sem/SPW/ue3/spw4-ue3/exercise3-hoess345/actions-runner'
[2024-06-21 15:41:51Z INFO CommandLineParser] Parse
[2024-06-21 15:41:51Z INFO CommandLineParser] Parsing 1 args
[2024-06-21 15:41:51Z INFO CommandLineParser] parsing argument
[2024-06-21 15:41:51Z INFO CommandLineParser] HasArgs: False
[2024-06-21 15:41:51Z INFO CommandLineParser] Adding Command: run
[2024-06-21 15:41:51Z INFO Listener] Arguments parsed
[2024-06-21 15:41:51Z INFO Runner] ExecuteCommand
[2024-06-21 15:41:51Z INFO ConfigurationStore] currentAssemblyLocation: /mnt/c/Users/yanni/Dokumente/FH/4.Sem/SPW/ue3/spw4-ue3/exercise3-hoess345/actions-runner/bin/Runner.Listener.dll
[2024-06-21 15:41:51Z INFO HostContext] Well known directory 'Bin': '/mnt/c/Users/yanni/Dokumente/FH/4.Sem/SPW/ue3/spw4-ue3/exercise3-hoess345/actions-runner/bin'
[2024-06-21 15:41:51Z INFO ConfigurationStore] binPath: /mnt/c/Users/yanni/Dokumente/FH/4.Sem/SPW/ue3/spw4-ue3/exercise3-hoess345/actions-runner/bin
[2024-06-21 15:41:51Z INFO HostContext] Well known directory 'Bin': '/mnt/c/Users/yanni/Dokumente/FH/4.Sem/SPW/ue3/spw4-ue3/exercise3-hoess345/actions-runner/bin'
[2024-06-21 15:41:51Z INFO HostContext] Well known directory 'Root': '/mnt/c/Users/yanni/Dokumente/FH/4.Sem/SPW/ue3/spw4-ue3/exercise3-hoess345/actions-runner'
[2024-06-21 15:41:51Z INFO ConfigurationStore] RootFolder: /mnt/c/Users/yanni/Dokumente/FH/4.Sem/SPW/ue3/spw4-ue3/exercise3-hoess345/actions-runner
[2024-06-21 15:41:51Z INFO HostContext] Well known directory 'Bin': '/mnt/c/Users/yanni/Dokumente/FH/4.Sem/SPW/ue3/spw4-ue3/exercise3-hoess345/actions-runner/bin'
[2024-06-21 15:41:51Z INFO HostContext] Well known directory 'Root': '/mnt/c/Users/yanni/Dokumente/FH/4.Sem/SPW/ue3/spw4-ue3/exercise3-hoess345/actions-runner'
[2024-06-21 15:41:51Z INFO HostContext] Well known config file 'Runner': '/mnt/c/Users/yanni/Dokumente/FH/4.Sem/SPW/ue3/spw4-ue3/exercise3-hoess345/actions-runner/.runner'
[2024-06-21 15:41:51Z INFO ConfigurationStore] ConfigFilePath: /mnt/c/Users/yanni/Dokumente/FH/4.Sem/SPW/ue3/spw4-ue3/exercise3-hoess345/actions-runner/.runner
[2024-06-21 15:41:51Z INFO HostContext] Well known directory 'Bin': '/mnt/c/Users/yanni/Dokumente/FH/4.Sem/SPW/ue3/spw4-ue3/exercise3-hoess345/actions-runner/bin'
[2024-06-21 15:41:51Z INFO HostContext] Well known directory 'Root': '/mnt/c/Users/yanni/Dokumente/FH/4.Sem/SPW/ue3/spw4-ue3/exercise3-hoess345/actions-runner'
[2024-06-21 15:41:51Z INFO HostContext] Well known config file 'Credentials': '/mnt/c/Users/yanni/Dokumente/FH/4.Sem/SPW/ue3/spw4-ue3/exercise3-hoess345/actions-runner/.credentials'
[2024-06-21 15:41:51Z INFO ConfigurationStore] CredFilePath: /mnt/c/Users/yanni/Dokumente/FH/4.Sem/SPW/ue3/spw4-ue3/exercise3-hoess345/actions-runner/.credentials
[2024-06-21 15:41:51Z INFO HostContext] Well known directory 'Bin': '/mnt/c/Users/yanni/Dokumente/FH/4.Sem/SPW/ue3/spw4-ue3/exercise3-hoess345/actions-runner/bin'
[2024-06-21 15:41:51Z INFO HostContext] Well known directory 'Root': '/mnt/c/Users/yanni/Dokumente/FH/4.Sem/SPW/ue3/spw4-ue3/exercise3-hoess345/actions-runner'
[2024-06-21 15:41:51Z INFO HostContext] Well known config file 'MigratedCredentials': '/mnt/c/Users/yanni/Dokumente/FH/4.Sem/SPW/ue3/spw4-ue3/exercise3-hoess345/actions-runner/.credentials_migrated'
[2024-06-21 15:41:51Z INFO ConfigurationStore] MigratedCredFilePath: /mnt/c/Users/yanni/Dokumente/FH/4.Sem/SPW/ue3/spw4-ue3/exercise3-hoess345/actions-runner/.credentials_migrated
[2024-06-21 15:41:51Z INFO HostContext] Well known directory 'Bin': '/mnt/c/Users/yanni/Dokumente/FH/4.Sem/SPW/ue3/spw4-ue3/exercise3-hoess345/actions-runner/bin'
[2024-06-21 15:41:51Z INFO HostContext] Well known directory 'Root': '/mnt/c/Users/yanni/Dokumente/FH/4.Sem/SPW/ue3/spw4-ue3/exercise3-hoess345/actions-runner'
[2024-06-21 15:41:51Z INFO HostContext] Well known config file 'Service': '/mnt/c/Users/yanni/Dokumente/FH/4.Sem/SPW/ue3/spw4-ue3/exercise3-hoess345/actions-runner/.service'
[2024-06-21 15:41:51Z INFO ConfigurationStore] ServiceConfigFilePath: /mnt/c/Users/yanni/Dokumente/FH/4.Sem/SPW/ue3/spw4-ue3/exercise3-hoess345/actions-runner/.service
[2024-06-21 15:41:51Z INFO CommandSettings] Flag 'help': 'False'
[2024-06-21 15:41:51Z INFO CommandSettings] Flag 'version': 'False'
[2024-06-21 15:41:51Z INFO CommandSettings] Flag 'commit': 'False'
[2024-06-21 15:41:51Z INFO CommandSettings] Flag 'check': 'False'
[2024-06-21 15:41:51Z INFO CommandSettings] Command 'configure': 'False'
[2024-06-21 15:41:51Z INFO CommandSettings] Command 'remove': 'False'
[2024-06-21 15:41:51Z INFO CommandSettings] Command 'warmup': 'False'
[2024-06-21 15:41:51Z INFO ConfigurationManager] LoadSettings
[2024-06-21 15:41:51Z INFO ConfigurationStore] IsConfigured()
[2024-06-21 15:41:51Z INFO ConfigurationStore] IsConfigured: True
[2024-06-21 15:41:51Z INFO ConfigurationManager] Is configured: True
[2024-06-21 15:41:51Z INFO ConfigurationStore] Read setting file: 290 chars
[2024-06-21 15:41:51Z INFO ConfigurationManager] Settings Loaded
[2024-06-21 15:41:51Z INFO ConfigurationStore] IsServiceConfigured()
[2024-06-21 15:41:51Z INFO ConfigurationStore] IsServiceConfigured: False
[2024-06-21 15:41:51Z INFO CommandSettings] Command 'run': 'True'
[2024-06-21 15:41:51Z INFO ConfigurationStore] IsConfigured()
[2024-06-21 15:41:51Z INFO ConfigurationStore] IsConfigured: True
[2024-06-21 15:41:51Z INFO ConfigurationManager] Is configured: True
[2024-06-21 15:41:51Z INFO Runner] Could not parse the argument value '' for StartupType. Defaulting to Manual
[2024-06-21 15:41:51Z INFO Runner] Set runner startup type - Manual
[2024-06-21 15:41:51Z INFO CommandSettings] Flag 'once': 'False'
[2024-06-21 15:41:51Z INFO CommandSettings] Flag 'once': 'False'
[2024-06-21 15:41:51Z INFO Runner] RunAsync
[2024-06-21 15:41:51Z INFO ConfigurationManager] LoadSettings
[2024-06-21 15:41:51Z INFO ConfigurationStore] IsConfigured()
[2024-06-21 15:41:51Z INFO ConfigurationStore] IsConfigured: True
[2024-06-21 15:41:51Z INFO ConfigurationManager] Is configured: True
[2024-06-21 15:41:51Z INFO ConfigurationManager] Settings Loaded
[2024-06-21 15:41:51Z INFO MessageListener] {
  "AgentId": 2,
  "AgentName": "Yannick",
  "PoolId": 1,
  "PoolName": "Default",
  "ServerUrl": "https://pipelinesghubeus6.actions.githubusercontent.com/yUazoMkPez2oxlMYntSPC9jy33Mm10XVK5kdHaildCDByhspno/",
  "GitHubUrl": "https://github.com/hoess345/spw4-ue3",
  "WorkFolder": "_work"
}
[2024-06-21 15:41:51Z INFO MessageListener] Loading Credentials
[2024-06-21 15:41:51Z INFO ConfigurationStore] HasCredentials()
[2024-06-21 15:41:51Z INFO ConfigurationStore] stored True
[2024-06-21 15:41:51Z INFO CredentialManager] GetCredentialProvider
[2024-06-21 15:41:51Z INFO CredentialManager] Creating type OAuth
[2024-06-21 15:41:51Z INFO CredentialManager] Creating credential type: OAuth
[2024-06-21 15:41:51Z INFO HostContext] Well known directory 'Bin': '/mnt/c/Users/yanni/Dokumente/FH/4.Sem/SPW/ue3/spw4-ue3/exercise3-hoess345/actions-runner/bin'
[2024-06-21 15:41:51Z INFO HostContext] Well known directory 'Root': '/mnt/c/Users/yanni/Dokumente/FH/4.Sem/SPW/ue3/spw4-ue3/exercise3-hoess345/actions-runner'
[2024-06-21 15:41:51Z INFO HostContext] Well known config file 'RSACredentials': '/mnt/c/Users/yanni/Dokumente/FH/4.Sem/SPW/ue3/spw4-ue3/exercise3-hoess345/actions-runner/.credentials_rsaparams'
[2024-06-21 15:41:51Z INFO RSAFileKeyManager] Loading RSA key parameters from file /mnt/c/Users/yanni/Dokumente/FH/4.Sem/SPW/ue3/spw4-ue3/exercise3-hoess345/actions-runner/.credentials_rsaparams
[2024-06-21 15:41:51Z INFO MessageListener] Attempt to create session.
[2024-06-21 15:41:51Z INFO MessageListener] Connecting to the Runner Server...
[2024-06-21 15:41:51Z INFO RunnerServer] EstablishVssConnection
[2024-06-21 15:41:51Z INFO RunnerServer] Establish connection with 100 seconds timeout.
[2024-06-21 15:41:51Z INFO GitHubActionsService] Starting operation Location.GetConnectionData
[2024-06-21 15:41:51Z INFO RunnerServer] EstablishVssConnection
[2024-06-21 15:41:51Z INFO RunnerServer] Establish connection with 60 seconds timeout.
[2024-06-21 15:41:51Z INFO GitHubActionsService] Starting operation Location.GetConnectionData
[2024-06-21 15:41:51Z INFO RunnerServer] EstablishVssConnection
[2024-06-21 15:41:51Z INFO RunnerServer] Establish connection with 60 seconds timeout.
[2024-06-21 15:41:51Z INFO GitHubActionsService] Starting operation Location.GetConnectionData
[2024-06-21 15:41:52Z INFO GitHubActionsService] Finished operation Location.GetConnectionData
[2024-06-21 15:41:52Z INFO GitHubActionsService] Finished operation Location.GetConnectionData
[2024-06-21 15:41:52Z INFO GitHubActionsService] Finished operation Location.GetConnectionData
[2024-06-21 15:41:53Z INFO MessageListener] VssConnection created
[2024-06-21 15:41:53Z INFO Terminal] WRITE LINE: 
[2024-06-21 15:41:53Z INFO Terminal] WRITE LINE: 
[2024-06-21 15:41:54Z INFO RSAFileKeyManager] Loading RSA key parameters from file /mnt/c/Users/yanni/Dokumente/FH/4.Sem/SPW/ue3/spw4-ue3/exercise3-hoess345/actions-runner/.credentials_rsaparams
[2024-06-21 15:41:54Z INFO RSAFileKeyManager] Loading RSA key parameters from file /mnt/c/Users/yanni/Dokumente/FH/4.Sem/SPW/ue3/spw4-ue3/exercise3-hoess345/actions-runner/.credentials_rsaparams
[2024-06-21 15:41:54Z INFO GitHubActionsService] AAD Correlation ID for this token request: Unknown
[2024-06-21 15:41:54Z INFO MessageListener] Session created.
[2024-06-21 15:41:54Z INFO Terminal] WRITE LINE: Current runner version: '2.317.0'
[2024-06-21 15:41:54Z INFO Terminal] WRITE LINE: 2024-06-21 15:41:54Z: Listening for Jobs
[2024-06-21 15:41:54Z INFO JobDispatcher] Set runner/worker IPC timeout to 30 seconds.
[2024-06-21 15:48:45Z WARN GitHubActionsService] GET request to https://pipelinesghubeus6.actions.githubusercontent.com/yUazoMkPez2oxlMYntSPC9jy33Mm10XVK5kdHaildCDByhspno/_apis/distributedtask/pools/1/messages?sessionId=f13cb960-ccfa-4824-a91d-543513cc8206&status=Online&runnerVersion=2.317.0&os=Linux&architecture=X64&disableUpdate=false timed out after 60 seconds.
[2024-06-21 15:48:45Z ERR  MessageListener] Catch exception during get next message.
[2024-06-21 15:48:45Z ERR  MessageListener] System.TimeoutException: The HTTP request timed out after 00:01:00.
 ---> System.Threading.Tasks.TaskCanceledException: The operation was canceled.
 ---> System.IO.IOException: Unable to read data from the transport connection: Operation canceled.
 ---> System.Net.Sockets.SocketException (125): Operation canceled
   --- End of inner exception stack trace ---
   at System.Net.Sockets.Socket.AwaitableSocketAsyncEventArgs.ThrowException(SocketError error, CancellationToken cancellationToken)
   at System.Net.Sockets.Socket.AwaitableSocketAsyncEventArgs.System.Threading.Tasks.Sources.IValueTaskSource<System.Int32>.GetResult(Int16 token)
   at System.Net.Security.SslStream.EnsureFullTlsFrameAsync[TIOAdapter](TIOAdapter adapter)
   at System.Net.Security.SslStream.ReadAsyncInternal[TIOAdapter](TIOAdapter adapter, Memory`1 buffer)
   at System.Net.Http.HttpConnection.InitialFillAsync(Boolean async)
   at System.Net.Http.HttpConnection.SendAsyncCore(HttpRequestMessage request, Boolean async, CancellationToken cancellationToken)
   --- End of inner exception stack trace ---
   at System.Net.Http.HttpConnection.SendAsyncCore(HttpRequestMessage request, Boolean async, CancellationToken cancellationToken)
   at System.Net.Http.AuthenticationHelper.SendWithNtAuthAsync(HttpRequestMessage request, Uri authUri, Boolean async, ICredentials credentials, Boolean isProxyAuth, HttpConnection connection, HttpConnectionPool connectionPool, CancellationToken cancellationToken)
   at System.Net.Http.HttpConnectionPool.SendWithVersionDetectionAndRetryAsync(HttpRequestMessage request, Boolean async, Boolean doRequestAuth, CancellationToken cancellationToken)
   at System.Net.Http.AuthenticationHelper.SendWithAuthAsync(HttpRequestMessage request, Uri authUri, Boolean async, ICredentials credentials, Boolean preAuthenticate, Boolean isProxyAuth, Boolean doRequestAuth, HttpConnectionPool pool, CancellationToken cancellationToken)
   at System.Net.Http.DecompressionHandler.SendAsync(HttpRequestMessage request, Boolean async, CancellationToken cancellationToken)
   at GitHub.Services.Common.VssHttpMessageHandler.SendAsync(HttpRequestMessage request, CancellationToken cancellationToken)
   --- End of inner exception stack trace ---
   at GitHub.Services.Common.VssHttpMessageHandler.SendAsync(HttpRequestMessage request, CancellationToken cancellationToken)
   at GitHub.Services.Common.VssHttpRetryMessageHandler.SendAsync(HttpRequestMessage request, CancellationToken cancellationToken)
   at System.Net.Http.HttpClient.<SendAsync>g__Core|83_0(HttpRequestMessage request, HttpCompletionOption completionOption, CancellationTokenSource cts, Boolean disposeCts, CancellationTokenSource pendingRequestsCts, CancellationToken originalCancellationToken)
   at GitHub.Services.WebApi.VssHttpClientBase.SendAsync(HttpRequestMessage message, HttpCompletionOption completionOption, Object userState, CancellationToken cancellationToken)
   at GitHub.Services.WebApi.VssHttpClientBase.SendAsync[T](HttpRequestMessage message, Object userState, CancellationToken cancellationToken)
   at GitHub.Services.WebApi.VssHttpClientBase.SendAsync[T](HttpMethod method, IEnumerable`1 additionalHeaders, Guid locationId, Object routeValues, ApiResourceVersion version, HttpContent content, IEnumerable`1 queryParameters, Object userState, CancellationToken cancellationToken)
   at GitHub.Runner.Listener.MessageListener.GetNextMessageAsync(CancellationToken token)
[2024-06-21 15:48:45Z ERR  MessageListener] #####################################################
[2024-06-21 15:48:45Z ERR  MessageListener] System.Threading.Tasks.TaskCanceledException: The operation was canceled.
 ---> System.IO.IOException: Unable to read data from the transport connection: Operation canceled.
 ---> System.Net.Sockets.SocketException (125): Operation canceled
   --- End of inner exception stack trace ---
   at System.Net.Sockets.Socket.AwaitableSocketAsyncEventArgs.ThrowException(SocketError error, CancellationToken cancellationToken)
   at System.Net.Sockets.Socket.AwaitableSocketAsyncEventArgs.System.Threading.Tasks.Sources.IValueTaskSource<System.Int32>.GetResult(Int16 token)
   at System.Net.Security.SslStream.EnsureFullTlsFrameAsync[TIOAdapter](TIOAdapter adapter)
   at System.Net.Security.SslStream.ReadAsyncInternal[TIOAdapter](TIOAdapter adapter, Memory`1 buffer)
   at System.Net.Http.HttpConnection.InitialFillAsync(Boolean async)
   at System.Net.Http.HttpConnection.SendAsyncCore(HttpRequestMessage request, Boolean async, CancellationToken cancellationToken)
   --- End of inner exception stack trace ---
   at System.Net.Http.HttpConnection.SendAsyncCore(HttpRequestMessage request, Boolean async, CancellationToken cancellationToken)
   at System.Net.Http.AuthenticationHelper.SendWithNtAuthAsync(HttpRequestMessage request, Uri authUri, Boolean async, ICredentials credentials, Boolean isProxyAuth, HttpConnection connection, HttpConnectionPool connectionPool, CancellationToken cancellationToken)
   at System.Net.Http.HttpConnectionPool.SendWithVersionDetectionAndRetryAsync(HttpRequestMessage request, Boolean async, Boolean doRequestAuth, CancellationToken cancellationToken)
   at System.Net.Http.AuthenticationHelper.SendWithAuthAsync(HttpRequestMessage request, Uri authUri, Boolean async, ICredentials credentials, Boolean preAuthenticate, Boolean isProxyAuth, Boolean doRequestAuth, HttpConnectionPool pool, CancellationToken cancellationToken)
   at System.Net.Http.DecompressionHandler.SendAsync(HttpRequestMessage request, Boolean async, CancellationToken cancellationToken)
   at GitHub.Services.Common.VssHttpMessageHandler.SendAsync(HttpRequestMessage request, CancellationToken cancellationToken)
[2024-06-21 15:48:45Z ERR  MessageListener] #####################################################
[2024-06-21 15:48:45Z ERR  MessageListener] System.IO.IOException: Unable to read data from the transport connection: Operation canceled.
 ---> System.Net.Sockets.SocketException (125): Operation canceled
   --- End of inner exception stack trace ---
   at System.Net.Sockets.Socket.AwaitableSocketAsyncEventArgs.ThrowException(SocketError error, CancellationToken cancellationToken)
   at System.Net.Sockets.Socket.AwaitableSocketAsyncEventArgs.System.Threading.Tasks.Sources.IValueTaskSource<System.Int32>.GetResult(Int16 token)
   at System.Net.Security.SslStream.EnsureFullTlsFrameAsync[TIOAdapter](TIOAdapter adapter)
   at System.Net.Security.SslStream.ReadAsyncInternal[TIOAdapter](TIOAdapter adapter, Memory`1 buffer)
   at System.Net.Http.HttpConnection.InitialFillAsync(Boolean async)
   at System.Net.Http.HttpConnection.SendAsyncCore(HttpRequestMessage request, Boolean async, CancellationToken cancellationToken)
[2024-06-21 15:48:45Z ERR  MessageListener] #####################################################
[2024-06-21 15:48:45Z ERR  MessageListener] System.Net.Sockets.SocketException (125): Operation canceled
[2024-06-21 15:48:45Z INFO MessageListener] Retriable exception: The HTTP request timed out after 00:01:00.
[2024-06-21 15:48:45Z ERR  Terminal] WRITE ERROR: 2024-06-21 15:48:45Z: Runner connect error: The HTTP request timed out after 00:01:00.. Retrying until reconnected.
[2024-06-21 15:48:45Z INFO RunnerServer] Refresh MessageQueue VssConnection to get on a different AFD node.
[2024-06-21 15:48:45Z INFO RunnerServer] EstablishVssConnection
[2024-06-21 15:48:45Z INFO RunnerServer] Establish connection with 60 seconds timeout.
[2024-06-21 15:48:45Z INFO GitHubActionsService] Starting operation Location.GetConnectionData
[2024-06-21 15:48:46Z INFO GitHubActionsService] Finished operation Location.GetConnectionData
[2024-06-21 15:48:47Z INFO MessageListener] Sleeping for 25.893 seconds before retrying.
[2024-06-21 15:50:03Z INFO Terminal] WRITE LINE: 2024-06-21 15:50:03Z: Runner reconnected.
